c:\users\s5006074\new folder\gamengine\build\gameengine.dir\debug\gameengine.pdb
c:\users\s5006074\new folder\gamengine\build\gameengine.dir\debug\transform.obj
c:\users\s5006074\new folder\gamengine\build\gameengine.dir\debug\trianglerenderer.obj
c:\users\s5006074\new folder\gamengine\build\gameengine.dir\debug\exception.obj
c:\users\s5006074\new folder\gamengine\build\gameengine.dir\debug\triangle.obj
c:\users\s5006074\new folder\gamengine\build\gameengine.dir\debug\keyboard.obj
c:\users\s5006074\new folder\gamengine\build\gameengine.dir\debug\component.obj
c:\users\s5006074\new folder\gamengine\build\gameengine.dir\debug\environment.obj
c:\users\s5006074\new folder\gamengine\build\gameengine.dir\debug\entity.obj
c:\users\s5006074\new folder\gamengine\build\gameengine.dir\debug\application.obj
c:\users\s5006074\new folder\gamengine\build\debug\gameengine.lib
c:\users\s5006074\new folder\gamengine\build\cmakefiles\generate.stamp
c:\users\s5006074\new folder\gamengine\build\gameengine.dir\debug\meshrenderer.obj
c:\users\s5006074\new folder\gamengine\build\debug\gameengine.pdb
c:\users\s5006074\new folder\gamengine\build\gameengine.dir\debug\gameengine.tlog\cl.read.1.tlog
c:\users\s5006074\new folder\gamengine\build\gameengine.dir\debug\gameengine.tlog\cl.write.1.tlog
c:\users\s5006074\new folder\gamengine\build\gameengine.dir\debug\gameengine.tlog\lib.command.1.tlog
c:\users\s5006074\new folder\gamengine\build\gameengine.dir\debug\gameengine.tlog\lib.read.1.tlog
c:\users\s5006074\new folder\gamengine\build\gameengine.dir\debug\gameengine.tlog\lib-link.write.1.tlog
c:\users\s5006074\new folder\gamengine\build\gameengine.dir\debug\gameengine.tlog\cl.command.1.tlog
c:\users\s5006074\new folder\gamengine\build\gameengine.dir\debug\gameengine.tlog\custombuild.command.1.tlog
c:\users\s5006074\new folder\gamengine\build\gameengine.dir\debug\gameengine.tlog\custombuild.read.1.tlog
c:\users\s5006074\new folder\gamengine\build\gameengine.dir\debug\gameengine.tlog\custombuild.write.1.tlog
