c:\users\s5006074\new folder\gamengine\build\debug\rend.lib
c:\users\s5006074\new folder\gamengine\build\rend.dir\debug\rend.pdb
c:\users\s5006074\new folder\gamengine\build\rend.dir\debug\util.obj
c:\users\s5006074\new folder\gamengine\build\rend.dir\debug\mesh.obj
c:\users\s5006074\new folder\gamengine\build\rend.dir\debug\buffer.obj
c:\users\s5006074\new folder\gamengine\build\rend.dir\debug\shader.obj
c:\users\s5006074\new folder\gamengine\build\rend.dir\debug\rendertexture.obj
c:\users\s5006074\new folder\gamengine\build\rend.dir\debug\texture.obj
c:\users\s5006074\new folder\gamengine\build\rend.dir\debug\context.obj
c:\users\s5006074\new folder\gamengine\build\rend.dir\debug\exception.obj
c:\users\s5006074\new folder\gamengine\build\cmakefiles\generate.stamp
c:\users\s5006074\new folder\gamengine\build\debug\rend.pdb
c:\users\s5006074\new folder\gamengine\build\rend.dir\debug\rend.tlog\lib.command.1.tlog
c:\users\s5006074\new folder\gamengine\build\rend.dir\debug\rend.tlog\lib.read.1.tlog
c:\users\s5006074\new folder\gamengine\build\rend.dir\debug\rend.tlog\lib-link.write.1.tlog
c:\users\s5006074\new folder\gamengine\build\rend.dir\debug\rend.tlog\cl.command.1.tlog
c:\users\s5006074\new folder\gamengine\build\rend.dir\debug\rend.tlog\cl.write.1.tlog
c:\users\s5006074\new folder\gamengine\build\rend.dir\debug\rend.tlog\cl.read.1.tlog
c:\users\s5006074\new folder\gamengine\build\rend.dir\debug\rend.tlog\custombuild.command.1.tlog
c:\users\s5006074\new folder\gamengine\build\rend.dir\debug\rend.tlog\custombuild.read.1.tlog
c:\users\s5006074\new folder\gamengine\build\rend.dir\debug\rend.tlog\custombuild.write.1.tlog
